[9.929s] Invoking command in '/mnt/c/Users/mathe/ufal/reactive_navigation/src/bug_algorithms': PYTHONPATH=/mnt/c/Users/mathe/ufal/reactive_navigation/build/bug_algorithms/prefix_override:/usr/lib/python3/dist-packages/colcon_core/task/python/colcon_distutils_commands:/mnt/c/Users/mathe/ufal/reactive_navigation/install/bug_algorithms/lib/python3.10/site-packages:${PYTHONPATH} /usr/bin/python3 -W ignore:setup.py install is deprecated -W ignore:easy_install command is deprecated setup.py egg_info --egg-base ../../build/bug_algorithms build --build-base /mnt/c/Users/mathe/ufal/reactive_navigation/build/bug_algorithms/build install --record /mnt/c/Users/mathe/ufal/reactive_navigation/build/bug_algorithms/install.log --single-version-externally-managed install_data
[14.268s] running egg_info
[14.293s] creating ../../build/bug_algorithms/bug_algorithms.egg-info
[14.313s] writing ../../build/bug_algorithms/bug_algorithms.egg-info/PKG-INFO
[14.367s] writing dependency_links to ../../build/bug_algorithms/bug_algorithms.egg-info/dependency_links.txt
[14.409s] writing entry points to ../../build/bug_algorithms/bug_algorithms.egg-info/entry_points.txt
[14.439s] writing requirements to ../../build/bug_algorithms/bug_algorithms.egg-info/requires.txt
[14.461s] writing top-level names to ../../build/bug_algorithms/bug_algorithms.egg-info/top_level.txt
[14.491s] writing manifest file '../../build/bug_algorithms/bug_algorithms.egg-info/SOURCES.txt'
[14.652s] reading manifest file '../../build/bug_algorithms/bug_algorithms.egg-info/SOURCES.txt'
[14.941s] writing manifest file '../../build/bug_algorithms/bug_algorithms.egg-info/SOURCES.txt'
[14.973s] running build
[14.984s] running build_py
[15.023s] creating /mnt/c/Users/mathe/ufal/reactive_navigation/build/bug_algorithms/build
[15.033s] creating /mnt/c/Users/mathe/ufal/reactive_navigation/build/bug_algorithms/build/lib
[15.044s] creating /mnt/c/Users/mathe/ufal/reactive_navigation/build/bug_algorithms/build/lib/bug_algorithms
[15.108s] copying bug_algorithms/bug1_node.py -> /mnt/c/Users/mathe/ufal/reactive_navigation/build/bug_algorithms/build/lib/bug_algorithms
[15.232s] copying bug_algorithms/__init__.py -> /mnt/c/Users/mathe/ufal/reactive_navigation/build/bug_algorithms/build/lib/bug_algorithms
[15.314s] running install
[15.322s] running install_lib
[15.413s] creating /mnt/c/Users/mathe/ufal/reactive_navigation/install/bug_algorithms/lib/python3.10/site-packages/bug_algorithms
[15.462s] copying /mnt/c/Users/mathe/ufal/reactive_navigation/build/bug_algorithms/build/lib/bug_algorithms/bug1_node.py -> /mnt/c/Users/mathe/ufal/reactive_navigation/install/bug_algorithms/lib/python3.10/site-packages/bug_algorithms
[15.612s] copying /mnt/c/Users/mathe/ufal/reactive_navigation/build/bug_algorithms/build/lib/bug_algorithms/__init__.py -> /mnt/c/Users/mathe/ufal/reactive_navigation/install/bug_algorithms/lib/python3.10/site-packages/bug_algorithms
[15.778s] byte-compiling /mnt/c/Users/mathe/ufal/reactive_navigation/install/bug_algorithms/lib/python3.10/site-packages/bug_algorithms/bug1_node.py to bug1_node.cpython-310.pyc
[16.109s] byte-compiling /mnt/c/Users/mathe/ufal/reactive_navigation/install/bug_algorithms/lib/python3.10/site-packages/bug_algorithms/__init__.py to __init__.cpython-310.pyc
[16.309s] running install_data
[16.343s] creating /mnt/c/Users/mathe/ufal/reactive_navigation/install/bug_algorithms/share/ament_index
[16.351s] creating /mnt/c/Users/mathe/ufal/reactive_navigation/install/bug_algorithms/share/ament_index/resource_index
[16.363s] creating /mnt/c/Users/mathe/ufal/reactive_navigation/install/bug_algorithms/share/ament_index/resource_index/packages
[16.408s] copying resource/bug_algorithms -> /mnt/c/Users/mathe/ufal/reactive_navigation/install/bug_algorithms/share/ament_index/resource_index/packages
[16.503s] copying package.xml -> /mnt/c/Users/mathe/ufal/reactive_navigation/install/bug_algorithms/share/bug_algorithms
[16.564s] creating /mnt/c/Users/mathe/ufal/reactive_navigation/install/bug_algorithms/share/bug_algorithms/launch
[16.602s] copying launch/bug1.launch.py -> /mnt/c/Users/mathe/ufal/reactive_navigation/install/bug_algorithms/share/bug_algorithms/launch
[16.669s] running install_egg_info
[16.747s] Copying ../../build/bug_algorithms/bug_algorithms.egg-info to /mnt/c/Users/mathe/ufal/reactive_navigation/install/bug_algorithms/lib/python3.10/site-packages/bug_algorithms-0.0.0-py3.10.egg-info
[17.802s] running install_scripts
[18.140s] Installing bug1_node script to /mnt/c/Users/mathe/ufal/reactive_navigation/install/bug_algorithms/lib/bug_algorithms
[18.187s] writing list of installed files to '/mnt/c/Users/mathe/ufal/reactive_navigation/build/bug_algorithms/install.log'
[18.285s] Invoked command in '/mnt/c/Users/mathe/ufal/reactive_navigation/src/bug_algorithms' returned '0': PYTHONPATH=/mnt/c/Users/mathe/ufal/reactive_navigation/build/bug_algorithms/prefix_override:/usr/lib/python3/dist-packages/colcon_core/task/python/colcon_distutils_commands:/mnt/c/Users/mathe/ufal/reactive_navigation/install/bug_algorithms/lib/python3.10/site-packages:${PYTHONPATH} /usr/bin/python3 -W ignore:setup.py install is deprecated -W ignore:easy_install command is deprecated setup.py egg_info --egg-base ../../build/bug_algorithms build --build-base /mnt/c/Users/mathe/ufal/reactive_navigation/build/bug_algorithms/build install --record /mnt/c/Users/mathe/ufal/reactive_navigation/build/bug_algorithms/install.log --single-version-externally-managed install_data
