[1.034s] DEBUG:colcon:Command line arguments: ['/usr/bin/colcon', 'build', '--packages-select', 'bug_algorithms']
[1.036s] DEBUG:colcon:Parsed command line arguments: Namespace(log_base=None, log_level=None, verb_name='build', build_base='build', install_base='install', merge_install=False, symlink_install=False, test_result_base=None, continue_on_error=False, executor='parallel', parallel_workers=5, event_handlers=None, ignore_user_meta=False, metas=['./colcon.meta'], base_paths=['.'], packages_ignore=None, packages_ignore_regex=None, paths=None, packages_up_to=None, packages_up_to_regex=None, packages_above=None, packages_above_and_dependencies=None, packages_above_depth=None, packages_select_by_dep=None, packages_skip_by_dep=None, packages_skip_up_to=None, packages_select_build_failed=False, packages_skip_build_finished=False, packages_select_test_failures=False, packages_skip_test_passed=False, packages_select=['bug_algorithms'], packages_skip=None, packages_select_regex=None, packages_skip_regex=None, packages_start=None, packages_end=None, allow_overriding=[], cmake_args=None, cmake_target=None, cmake_target_skip_unavailable=False, cmake_clean_cache=False, cmake_clean_first=False, cmake_force_configure=False, ament_cmake_args=None, catkin_cmake_args=None, catkin_skip_building_tests=False, verb_parser=<colcon_defaults.argument_parser.defaults.DefaultArgumentsDecorator object at 0x7fa0e8eab850>, verb_extension=<colcon_core.verb.build.BuildVerb object at 0x7fa0e8eab340>, main=<bound method BuildVerb.main of <colcon_core.verb.build.BuildVerb object at 0x7fa0e8eab340>>)
[1.964s] Level 1:colcon.colcon_core.package_discovery:discover_packages(colcon_meta) check parameters
[2.059s] Level 1:colcon.colcon_core.package_discovery:discover_packages(recursive) check parameters
[2.082s] Level 1:colcon.colcon_core.package_discovery:discover_packages(ignore) check parameters
[2.083s] Level 1:colcon.colcon_core.package_discovery:discover_packages(path) check parameters
[2.084s] Level 1:colcon.colcon_core.package_discovery:discover_packages(colcon_meta) discover
[2.090s] Level 1:colcon.colcon_core.package_discovery:discover_packages(recursive) discover
[2.092s] INFO:colcon.colcon_core.package_discovery:Crawling recursively for packages in '/mnt/c/Users/mathe/ufal/reactive_navigation'
[2.100s] Level 1:colcon.colcon_core.package_identification:_identify(.) by extensions ['ignore', 'ignore_ament_install']
[2.103s] Level 1:colcon.colcon_core.package_identification:_identify(.) by extension 'ignore'
[2.106s] Level 1:colcon.colcon_core.package_identification:_identify(.) by extension 'ignore_ament_install'
[2.110s] Level 1:colcon.colcon_core.package_identification:_identify(.) by extensions ['colcon_pkg']
[2.111s] Level 1:colcon.colcon_core.package_identification:_identify(.) by extension 'colcon_pkg'
[2.113s] Level 1:colcon.colcon_core.package_identification:_identify(.) by extensions ['colcon_meta']
[2.115s] Level 1:colcon.colcon_core.package_identification:_identify(.) by extension 'colcon_meta'
[2.116s] Level 1:colcon.colcon_core.package_identification:_identify(.) by extensions ['ros']
[2.117s] Level 1:colcon.colcon_core.package_identification:_identify(.) by extension 'ros'
[2.188s] Level 1:colcon.colcon_core.package_identification:_identify(.) by extensions ['cmake', 'python']
[2.190s] Level 1:colcon.colcon_core.package_identification:_identify(.) by extension 'cmake'
[2.192s] Level 1:colcon.colcon_core.package_identification:_identify(.) by extension 'python'
[2.196s] Level 1:colcon.colcon_core.package_identification:_identify(.) by extensions ['python_setup_py']
[2.197s] Level 1:colcon.colcon_core.package_identification:_identify(.) by extension 'python_setup_py'
[2.213s] Level 1:colcon.colcon_core.package_identification:_identify(build) by extensions ['ignore', 'ignore_ament_install']
[2.215s] Level 1:colcon.colcon_core.package_identification:_identify(build) by extension 'ignore'
[2.220s] Level 1:colcon.colcon_core.package_identification:_identify(build) ignored
[2.235s] Level 1:colcon.colcon_core.package_identification:_identify(install) by extensions ['ignore', 'ignore_ament_install']
[2.236s] Level 1:colcon.colcon_core.package_identification:_identify(install) by extension 'ignore'
[2.243s] Level 1:colcon.colcon_core.package_identification:_identify(install) ignored
[2.265s] Level 1:colcon.colcon_core.package_identification:_identify(log) by extensions ['ignore', 'ignore_ament_install']
[2.267s] Level 1:colcon.colcon_core.package_identification:_identify(log) by extension 'ignore'
[2.272s] Level 1:colcon.colcon_core.package_identification:_identify(log) ignored
[2.285s] Level 1:colcon.colcon_core.package_identification:_identify(src) by extensions ['ignore', 'ignore_ament_install']
[2.287s] Level 1:colcon.colcon_core.package_identification:_identify(src) by extension 'ignore'
[2.294s] Level 1:colcon.colcon_core.package_identification:_identify(src) by extension 'ignore_ament_install'
[2.303s] Level 1:colcon.colcon_core.package_identification:_identify(src) by extensions ['colcon_pkg']
[2.304s] Level 1:colcon.colcon_core.package_identification:_identify(src) by extension 'colcon_pkg'
[2.309s] Level 1:colcon.colcon_core.package_identification:_identify(src) by extensions ['colcon_meta']
[2.310s] Level 1:colcon.colcon_core.package_identification:_identify(src) by extension 'colcon_meta'
[2.315s] Level 1:colcon.colcon_core.package_identification:_identify(src) by extensions ['ros']
[2.316s] Level 1:colcon.colcon_core.package_identification:_identify(src) by extension 'ros'
[2.336s] Level 1:colcon.colcon_core.package_identification:_identify(src) by extensions ['cmake', 'python']
[2.339s] Level 1:colcon.colcon_core.package_identification:_identify(src) by extension 'cmake'
[2.344s] Level 1:colcon.colcon_core.package_identification:_identify(src) by extension 'python'
[2.348s] Level 1:colcon.colcon_core.package_identification:_identify(src) by extensions ['python_setup_py']
[2.350s] Level 1:colcon.colcon_core.package_identification:_identify(src) by extension 'python_setup_py'
[2.380s] Level 1:colcon.colcon_core.package_identification:_identify(src/bug_algorithms) by extensions ['ignore', 'ignore_ament_install']
[2.382s] Level 1:colcon.colcon_core.package_identification:_identify(src/bug_algorithms) by extension 'ignore'
[2.392s] Level 1:colcon.colcon_core.package_identification:_identify(src/bug_algorithms) by extension 'ignore_ament_install'
[2.410s] Level 1:colcon.colcon_core.package_identification:_identify(src/bug_algorithms) by extensions ['colcon_pkg']
[2.412s] Level 1:colcon.colcon_core.package_identification:_identify(src/bug_algorithms) by extension 'colcon_pkg'
[2.420s] Level 1:colcon.colcon_core.package_identification:_identify(src/bug_algorithms) by extensions ['colcon_meta']
[2.421s] Level 1:colcon.colcon_core.package_identification:_identify(src/bug_algorithms) by extension 'colcon_meta'
[2.433s] Level 1:colcon.colcon_core.package_identification:_identify(src/bug_algorithms) by extensions ['ros']
[2.435s] Level 1:colcon.colcon_core.package_identification:_identify(src/bug_algorithms) by extension 'ros'
[2.529s] DEBUG:colcon.colcon_core.package_identification:Package 'src/bug_algorithms' with type 'ros.ament_python' and name 'bug_algorithms'
[2.530s] Level 1:colcon.colcon_core.package_discovery:discover_packages(recursive) using defaults
[2.531s] Level 1:colcon.colcon_core.package_discovery:discover_packages(ignore) discover
[2.532s] Level 1:colcon.colcon_core.package_discovery:discover_packages(ignore) using defaults
[2.533s] Level 1:colcon.colcon_core.package_discovery:discover_packages(path) discover
[2.534s] Level 1:colcon.colcon_core.package_discovery:discover_packages(path) using defaults
[2.660s] Level 1:colcon.colcon_core.package_discovery:discover_packages(prefix_path) check parameters
[2.661s] Level 1:colcon.colcon_core.package_discovery:discover_packages(prefix_path) discover
[2.676s] WARNING:colcon.colcon_ros.prefix_path.ament:The path '/mnt/c/Users/mathe/ufal/reactive_navigation/install/bug_algorithms' in the environment variable AMENT_PREFIX_PATH doesn't exist
[2.800s] DEBUG:colcon.colcon_installed_package_information.package_discovery:Found 0 installed packages in /mnt/c/Users/mathe/ufal/reactive_navigation/install
[2.804s] DEBUG:colcon.colcon_installed_package_information.package_discovery:Found 2 installed packages in /home/matheus/ros2_ws/install
[2.811s] DEBUG:colcon.colcon_installed_package_information.package_discovery:Found 272 installed packages in /opt/ros/humble
[2.830s] Level 1:colcon.colcon_core.package_discovery:discover_packages(prefix_path) using defaults
[3.056s] Level 5:colcon.colcon_core.verb:set package 'bug_algorithms' build argument 'cmake_args' from command line to 'None'
[3.058s] Level 5:colcon.colcon_core.verb:set package 'bug_algorithms' build argument 'cmake_target' from command line to 'None'
[3.059s] Level 5:colcon.colcon_core.verb:set package 'bug_algorithms' build argument 'cmake_target_skip_unavailable' from command line to 'False'
[3.060s] Level 5:colcon.colcon_core.verb:set package 'bug_algorithms' build argument 'cmake_clean_cache' from command line to 'False'
[3.061s] Level 5:colcon.colcon_core.verb:set package 'bug_algorithms' build argument 'cmake_clean_first' from command line to 'False'
[3.064s] Level 5:colcon.colcon_core.verb:set package 'bug_algorithms' build argument 'cmake_force_configure' from command line to 'False'
[3.066s] Level 5:colcon.colcon_core.verb:set package 'bug_algorithms' build argument 'ament_cmake_args' from command line to 'None'
[3.068s] Level 5:colcon.colcon_core.verb:set package 'bug_algorithms' build argument 'catkin_cmake_args' from command line to 'None'
[3.069s] Level 5:colcon.colcon_core.verb:set package 'bug_algorithms' build argument 'catkin_skip_building_tests' from command line to 'False'
[3.070s] DEBUG:colcon.colcon_core.verb:Building package 'bug_algorithms' with the following arguments: {'ament_cmake_args': None, 'build_base': '/mnt/c/Users/mathe/ufal/reactive_navigation/build/bug_algorithms', 'catkin_cmake_args': None, 'catkin_skip_building_tests': False, 'cmake_args': None, 'cmake_clean_cache': False, 'cmake_clean_first': False, 'cmake_force_configure': False, 'cmake_target': None, 'cmake_target_skip_unavailable': False, 'install_base': '/mnt/c/Users/mathe/ufal/reactive_navigation/install/bug_algorithms', 'merge_install': False, 'path': '/mnt/c/Users/mathe/ufal/reactive_navigation/src/bug_algorithms', 'symlink_install': False, 'test_result_base': None}
[3.071s] INFO:colcon.colcon_core.executor:Executing jobs using 'parallel' executor
[3.076s] DEBUG:colcon.colcon_parallel_executor.executor.parallel:run_until_complete
[3.078s] INFO:colcon.colcon_ros.task.ament_python.build:Building ROS package in '/mnt/c/Users/mathe/ufal/reactive_navigation/src/bug_algorithms' with build type 'ament_python'
[3.080s] Level 1:colcon.colcon_core.shell:create_environment_hook('bug_algorithms', 'ament_prefix_path')
[3.094s] INFO:colcon.colcon_core.plugin_system:Skipping extension 'colcon_core.shell.bat': Not used on non-Windows systems
[3.095s] INFO:colcon.colcon_core.shell:Creating environment hook '/mnt/c/Users/mathe/ufal/reactive_navigation/install/bug_algorithms/share/bug_algorithms/hook/ament_prefix_path.ps1'
[3.277s] INFO:colcon.colcon_core.shell:Creating environment descriptor '/mnt/c/Users/mathe/ufal/reactive_navigation/install/bug_algorithms/share/bug_algorithms/hook/ament_prefix_path.dsv'
[3.360s] INFO:colcon.colcon_core.shell:Creating environment hook '/mnt/c/Users/mathe/ufal/reactive_navigation/install/bug_algorithms/share/bug_algorithms/hook/ament_prefix_path.sh'
[3.434s] INFO:colcon.colcon_core.shell:Skip shell extension 'powershell' for command environment: Not usable outside of PowerShell
[3.436s] DEBUG:colcon.colcon_core.shell:Skip shell extension 'dsv' for command environment
[6.050s] INFO:colcon.colcon_core.task.python.build:Building Python package in '/mnt/c/Users/mathe/ufal/reactive_navigation/src/bug_algorithms'
[6.054s] INFO:colcon.colcon_core.shell:Skip shell extension 'powershell' for command environment: Not usable outside of PowerShell
[6.056s] DEBUG:colcon.colcon_core.shell:Skip shell extension 'dsv' for command environment
[13.020s] DEBUG:colcon.colcon_core.event_handler.log_command:Invoking command in '/mnt/c/Users/mathe/ufal/reactive_navigation/src/bug_algorithms': PYTHONPATH=/mnt/c/Users/mathe/ufal/reactive_navigation/build/bug_algorithms/prefix_override:/usr/lib/python3/dist-packages/colcon_core/task/python/colcon_distutils_commands:/mnt/c/Users/mathe/ufal/reactive_navigation/install/bug_algorithms/lib/python3.10/site-packages:${PYTHONPATH} /usr/bin/python3 -W ignore:setup.py install is deprecated -W ignore:easy_install command is deprecated setup.py egg_info --egg-base ../../build/bug_algorithms build --build-base /mnt/c/Users/mathe/ufal/reactive_navigation/build/bug_algorithms/build install --record /mnt/c/Users/mathe/ufal/reactive_navigation/build/bug_algorithms/install.log --single-version-externally-managed install_data
[21.378s] DEBUG:colcon.colcon_core.event_handler.log_command:Invoked command in '/mnt/c/Users/mathe/ufal/reactive_navigation/src/bug_algorithms' returned '0': PYTHONPATH=/mnt/c/Users/mathe/ufal/reactive_navigation/build/bug_algorithms/prefix_override:/usr/lib/python3/dist-packages/colcon_core/task/python/colcon_distutils_commands:/mnt/c/Users/mathe/ufal/reactive_navigation/install/bug_algorithms/lib/python3.10/site-packages:${PYTHONPATH} /usr/bin/python3 -W ignore:setup.py install is deprecated -W ignore:easy_install command is deprecated setup.py egg_info --egg-base ../../build/bug_algorithms build --build-base /mnt/c/Users/mathe/ufal/reactive_navigation/build/bug_algorithms/build install --record /mnt/c/Users/mathe/ufal/reactive_navigation/build/bug_algorithms/install.log --single-version-externally-managed install_data
[21.383s] Level 1:colcon.colcon_core.environment:checking '/mnt/c/Users/mathe/ufal/reactive_navigation/install/bug_algorithms' for CMake module files
[21.594s] Level 1:colcon.colcon_core.environment:checking '/mnt/c/Users/mathe/ufal/reactive_navigation/install/bug_algorithms' for CMake config files
[22.035s] Level 1:colcon.colcon_core.environment:checking '/mnt/c/Users/mathe/ufal/reactive_navigation/install/bug_algorithms/lib'
[22.054s] Level 1:colcon.colcon_core.environment:checking '/mnt/c/Users/mathe/ufal/reactive_navigation/install/bug_algorithms/bin'
[22.059s] Level 1:colcon.colcon_core.environment:checking '/mnt/c/Users/mathe/ufal/reactive_navigation/install/bug_algorithms/lib/pkgconfig/bug_algorithms.pc'
[22.069s] Level 1:colcon.colcon_core.environment:checking '/mnt/c/Users/mathe/ufal/reactive_navigation/install/bug_algorithms/lib/python3.10/site-packages'
[22.080s] Level 1:colcon.colcon_core.shell:create_environment_hook('bug_algorithms', 'pythonpath')
[22.082s] INFO:colcon.colcon_core.shell:Creating environment hook '/mnt/c/Users/mathe/ufal/reactive_navigation/install/bug_algorithms/share/bug_algorithms/hook/pythonpath.ps1'
[22.141s] INFO:colcon.colcon_core.shell:Creating environment descriptor '/mnt/c/Users/mathe/ufal/reactive_navigation/install/bug_algorithms/share/bug_algorithms/hook/pythonpath.dsv'
[22.204s] INFO:colcon.colcon_core.shell:Creating environment hook '/mnt/c/Users/mathe/ufal/reactive_navigation/install/bug_algorithms/share/bug_algorithms/hook/pythonpath.sh'
[22.276s] Level 1:colcon.colcon_core.environment:checking '/mnt/c/Users/mathe/ufal/reactive_navigation/install/bug_algorithms/bin'
[22.286s] Level 1:colcon.colcon_core.environment:create_environment_scripts_only(bug_algorithms)
[22.289s] INFO:colcon.colcon_core.shell:Creating package script '/mnt/c/Users/mathe/ufal/reactive_navigation/install/bug_algorithms/share/bug_algorithms/package.ps1'
[22.341s] INFO:colcon.colcon_core.shell:Creating package descriptor '/mnt/c/Users/mathe/ufal/reactive_navigation/install/bug_algorithms/share/bug_algorithms/package.dsv'
[22.388s] INFO:colcon.colcon_core.shell:Creating package script '/mnt/c/Users/mathe/ufal/reactive_navigation/install/bug_algorithms/share/bug_algorithms/package.sh'
[22.442s] INFO:colcon.colcon_core.shell:Creating package script '/mnt/c/Users/mathe/ufal/reactive_navigation/install/bug_algorithms/share/bug_algorithms/package.bash'
[22.499s] INFO:colcon.colcon_core.shell:Creating package script '/mnt/c/Users/mathe/ufal/reactive_navigation/install/bug_algorithms/share/bug_algorithms/package.zsh'
[22.558s] Level 1:colcon.colcon_core.environment:create_file_with_runtime_dependencies(/mnt/c/Users/mathe/ufal/reactive_navigation/install/bug_algorithms/share/colcon-core/packages/bug_algorithms)
[22.611s] DEBUG:colcon.colcon_parallel_executor.executor.parallel:closing loop
[22.614s] DEBUG:colcon.colcon_parallel_executor.executor.parallel:loop closed
[22.615s] DEBUG:colcon.colcon_parallel_executor.executor.parallel:run_until_complete finished with '0'
[22.617s] DEBUG:colcon.colcon_core.event_reactor:joining thread
[22.932s] INFO:colcon.colcon_core.plugin_system:Skipping extension 'colcon_notification.desktop_notification.notify_send': Could not find 'notify-send'
[22.933s] INFO:colcon.colcon_core.plugin_system:Skipping extension 'colcon_notification.desktop_notification.terminal_notifier': Not used on non-Darwin systems
[22.935s] INFO:colcon.colcon_core.plugin_system:Skipping extension 'colcon_notification.desktop_notification.win32': Not used on non-Windows systems
[22.936s] INFO:colcon.colcon_notification.desktop_notification:Sending desktop notification using 'notify2'
[22.937s] DEBUG:colcon.colcon_notification.desktop_notification.notify2:Failed to initialize notify2: org.freedesktop.DBus.Error.FileNotFound: Failed to connect to socket /run/user/1000/bus: No such file or directory
[22.939s] DEBUG:colcon.colcon_core.event_reactor:joined thread
[22.942s] INFO:colcon.colcon_core.shell:Creating prefix script '/mnt/c/Users/mathe/ufal/reactive_navigation/install/local_setup.ps1'
[22.967s] INFO:colcon.colcon_core.shell:Creating prefix util module '/mnt/c/Users/mathe/ufal/reactive_navigation/install/_local_setup_util_ps1.py'
[22.994s] INFO:colcon.colcon_core.shell:Creating prefix chain script '/mnt/c/Users/mathe/ufal/reactive_navigation/install/setup.ps1'
[23.064s] INFO:colcon.colcon_core.shell:Creating prefix script '/mnt/c/Users/mathe/ufal/reactive_navigation/install/local_setup.sh'
[23.095s] INFO:colcon.colcon_core.shell:Creating prefix util module '/mnt/c/Users/mathe/ufal/reactive_navigation/install/_local_setup_util_sh.py'
[23.126s] INFO:colcon.colcon_core.shell:Creating prefix chain script '/mnt/c/Users/mathe/ufal/reactive_navigation/install/setup.sh'
[23.194s] INFO:colcon.colcon_core.shell:Creating prefix script '/mnt/c/Users/mathe/ufal/reactive_navigation/install/local_setup.bash'
[23.216s] INFO:colcon.colcon_core.shell:Creating prefix chain script '/mnt/c/Users/mathe/ufal/reactive_navigation/install/setup.bash'
[23.273s] INFO:colcon.colcon_core.shell:Creating prefix script '/mnt/c/Users/mathe/ufal/reactive_navigation/install/local_setup.zsh'
[23.298s] INFO:colcon.colcon_core.shell:Creating prefix chain script '/mnt/c/Users/mathe/ufal/reactive_navigation/install/setup.zsh'
